<?xml version="1.0" encoding="UTF-8"?>
<!-- Generated by org.testng.reporters.JUnitReportReporter -->
<testsuite skipped="0" hostname="HX4N042" name="com.dice.FirstTest" tests="2" failures="0" timestamp="29 May 2018 17:50:19 GMT" time="21.907" errors="0">
  <testcase name="SecondTestMethod" time="14.990" classname="com.dice.FirstTest"/>
  <testcase name="FirstTestMethod" time="6.917" classname="com.dice.FirstTest"/>
</testsuite> <!-- com.dice.FirstTest -->
