<?xml version="1.0" encoding="UTF-8"?>
<!-- Generated by org.testng.reporters.JUnitReportReporter -->
<testsuite skipped="0" hostname="HX4N042" name="com.dice.tc_001_clickonRegistration" tests="1" failures="0" timestamp="29 May 2018 18:04:34 GMT" time="11.783" errors="0">
  <testcase name="Registration" time="11.783" classname="com.dice.tc_001_clickonRegistration"/>
</testsuite> <!-- com.dice.tc_001_clickonRegistration -->
