<?xml version="1.0" encoding="UTF-8"?>
<!-- Generated by org.testng.reporters.JUnitReportReporter -->
<testsuite skipped="0" hostname="HX4N042" name="com.dice.LoginTest" tests="2" failures="0" timestamp="07 Jun 2018 18:40:34 GMT" time="19.325" errors="0">
  <testcase name="negativeLoginTest" time="8.481" classname="com.dice.LoginTest"/>
  <testcase name="positiveLoginTest" time="10.844" classname="com.dice.LoginTest"/>
</testsuite> <!-- com.dice.LoginTest -->
