<?xml version="1.0" encoding="UTF-8"?>
<!-- Generated by org.testng.reporters.JUnitReportReporter -->
<testsuite skipped="0" hostname="HX4N042" name="com.dice.LoginTest" tests="1" failures="0" timestamp="31 May 2018 15:43:23 GMT" time="14.680" errors="0">
  <testcase name="positiveLoginTest" time="14.680" classname="com.dice.LoginTest"/>
</testsuite> <!-- com.dice.LoginTest -->
