<?xml version="1.0" encoding="UTF-8"?>
<!-- Generated by org.testng.reporters.JUnitReportReporter -->
<testsuite skipped="0" hostname="HX4N042" name="com.dice.FirstTest" tests="1" failures="0" timestamp="31 May 2018 15:11:26 GMT" time="9.892" errors="0">
  <testcase name="FirstTestMethod" time="9.892" classname="com.dice.FirstTest"/>
</testsuite> <!-- com.dice.FirstTest -->
