<?xml version="1.0" encoding="UTF-8"?>
<!-- Generated by org.testng.reporters.JUnitReportReporter -->
<testsuite skipped="0" hostname="HX4N042" name="com.dice.LoginTest" tests="1" failures="0" timestamp="21 Jun 2018 16:57:51 GMT" time="24.357" errors="0">
  <testcase name="positiveLoginTest" time="24.357" classname="com.dice.LoginTest"/>
</testsuite> <!-- com.dice.LoginTest -->
