<?xml version="1.0" encoding="UTF-8"?>
<!-- Generated by org.testng.reporters.JUnitReportReporter -->
<testsuite skipped="0" hostname="HX4N042" name="com.dice.LoginTest" tests="2" failures="0" timestamp="26 Jun 2018 19:41:20 GMT" time="28.780" errors="0">
  <testcase name="negativeLoginTest" time="11.425" classname="com.dice.LoginTest"/>
  <testcase name="positiveLoginTest" time="17.355" classname="com.dice.LoginTest"/>
</testsuite> <!-- com.dice.LoginTest -->
